<?xml version="1.0" encoding="UTF-8"?>
<coverage generated="1608674599620" clover="3.2.0">
  <project timestamp="1608674599620" name="All files">
    <metrics statements="28" coveredstatements="28" conditionals="0" coveredconditionals="0" methods="11" coveredmethods="11" elements="39" coveredelements="39" complexity="0" loc="28" ncloc="28" packages="1" files="4" classes="4"/>
    <file name="Employee.js" path="/Users/karaschmidt/Desktop/code/Homework/team-generator/lib/Employee.js">
      <metrics statements="9" coveredstatements="9" conditionals="0" coveredconditionals="0" methods="5" coveredmethods="5"/>
      <line num="5" count="18" type="stmt"/>
      <line num="6" count="18" type="stmt"/>
      <line num="7" count="18" type="stmt"/>
      <line num="8" count="18" type="stmt"/>
      <line num="12" count="1" type="stmt"/>
      <line num="16" count="1" type="stmt"/>
      <line num="20" count="1" type="stmt"/>
      <line num="24" count="4" type="stmt"/>
      <line num="28" count="4" type="stmt"/>
    </file>
    <file name="Engineer.js" path="/Users/karaschmidt/Desktop/code/Homework/team-generator/lib/Engineer.js">
      <metrics statements="6" coveredstatements="6" conditionals="0" coveredconditionals="0" methods="2" coveredmethods="2"/>
      <line num="2" count="1" type="stmt"/>
      <line num="6" count="3" type="stmt"/>
      <line num="7" count="3" type="stmt"/>
      <line num="8" count="3" type="stmt"/>
      <line num="12" count="1" type="stmt"/>
      <line num="19" count="1" type="stmt"/>
    </file>
    <file name="Intern.js" path="/Users/karaschmidt/Desktop/code/Homework/team-generator/lib/Intern.js">
      <metrics statements="7" coveredstatements="7" conditionals="0" coveredconditionals="0" methods="2" coveredmethods="2"/>
      <line num="2" count="1" type="stmt"/>
      <line num="6" count="4" type="stmt"/>
      <line num="7" count="4" type="stmt"/>
      <line num="8" count="4" type="stmt"/>
      <line num="12" count="1" type="stmt"/>
      <line num="17" count="1" type="stmt"/>
      <line num="20" count="1" type="stmt"/>
    </file>
    <file name="Manager.js" path="/Users/karaschmidt/Desktop/code/Homework/team-generator/lib/Manager.js">
      <metrics statements="6" coveredstatements="6" conditionals="0" coveredconditionals="0" methods="2" coveredmethods="2"/>
      <line num="2" count="1" type="stmt"/>
      <line num="6" count="3" type="stmt"/>
      <line num="7" count="3" type="stmt"/>
      <line num="8" count="3" type="stmt"/>
      <line num="12" count="1" type="stmt"/>
      <line num="17" count="1" type="stmt"/>
    </file>
  </project>
</coverage>
