TN:
SF:/Users/karaschmidt/Desktop/code/Homework/team-generator/lib/Employee.js
FN:4,(anonymous_0)
FN:11,(anonymous_1)
FN:15,(anonymous_2)
FN:19,(anonymous_3)
FN:23,(anonymous_4)
FNF:5
FNH:5
FNDA:18,(anonymous_0)
FNDA:1,(anonymous_1)
FNDA:1,(anonymous_2)
FNDA:1,(anonymous_3)
FNDA:4,(anonymous_4)
DA:5,18
DA:6,18
DA:7,18
DA:8,18
DA:12,1
DA:16,1
DA:20,1
DA:24,4
DA:28,4
LF:9
LH:9
BRF:0
BRH:0
end_of_record
TN:
SF:/Users/karaschmidt/Desktop/code/Homework/team-generator/lib/Engineer.js
FN:5,(anonymous_0)
FN:11,(anonymous_1)
FNF:2
FNH:2
FNDA:3,(anonymous_0)
FNDA:1,(anonymous_1)
DA:2,1
DA:6,3
DA:7,3
DA:8,3
DA:12,1
DA:19,1
LF:6
LH:6
BRF:0
BRH:0
end_of_record
TN:
SF:/Users/karaschmidt/Desktop/code/Homework/team-generator/lib/Intern.js
FN:5,(anonymous_0)
FN:11,(anonymous_1)
FNF:2
FNH:2
FNDA:4,(anonymous_0)
FNDA:1,(anonymous_1)
DA:2,1
DA:6,4
DA:7,4
DA:8,4
DA:12,1
DA:17,1
DA:20,1
LF:7
LH:7
BRF:0
BRH:0
end_of_record
TN:
SF:/Users/karaschmidt/Desktop/code/Homework/team-generator/lib/Manager.js
FN:5,(anonymous_0)
FN:11,(anonymous_1)
FNF:2
FNH:2
FNDA:3,(anonymous_0)
FNDA:1,(anonymous_1)
DA:2,1
DA:6,3
DA:7,3
DA:8,3
DA:12,1
DA:17,1
LF:6
LH:6
BRF:0
BRH:0
end_of_record
